<?xml version="1.0" encoding="UTF-8"?>
<testsuite name="com.bl.user.UserRegistrationTest" tests="1" skipped="0" failures="0" errors="0" timestamp="2020-04-21T14:39:25" hostname="DESKTOP-7FI47GB" time="0.007">
  <properties/>
  <testcase name="givenLastName_WhenInvalid_ShouldReturnFalse" classname="com.bl.user.UserRegistrationTest" time="0.007"/>
  <system-out><![CDATA[]]></system-out>
  <system-err><![CDATA[]]></system-err>
</testsuite>
