<?xml version="1.0" encoding="UTF-8"?>
<testsuite name="com.bl.user.UserRegistrationTest" tests="1" skipped="0" failures="0" errors="0" timestamp="2020-04-21T15:06:58" hostname="DESKTOP-7FI47GB" time="0.006">
  <properties/>
  <testcase name="givenPassword_WhenValid_ShouldReturnTrue" classname="com.bl.user.UserRegistrationTest" time="0.006"/>
  <system-out><![CDATA[]]></system-out>
  <system-err><![CDATA[]]></system-err>
</testsuite>
